app/build/intermediates/manifest_merge_blame_file/debug/manifest-merger-blame-debug-report.txt
1<?xml version="1.0" encoding="utf-8"?>
2<manifest xmlns:android="http://schemas.android.com/apk/res/android"
3    package="com.keegan.commondemo"
4    android:versionCode="1"
5    android:versionName="1.0.0.0" >
6
7    <uses-sdk
8        android:minSdkVersion="19"
8-->src\main\AndroidManifest.xml
9        android:targetSdkVersion="29" />
9-->src\main\AndroidManifest.xml
10
11    <uses-permission android:name="android.permission.CAMERA" />
11-->src\main\AndroidManifest.xml:6:5-65
11-->src\main\AndroidManifest.xml:6:22-62
12
13    <uses-feature android:name="android.hardware.camera" />
13-->src\main\AndroidManifest.xml:8:5-60
13-->src\main\AndroidManifest.xml:8:19-57
14
15    <uses-permission android:name="android.permission.READ_EXTERNAL_STORAGE" />
15-->src\main\AndroidManifest.xml:10:5-80
15-->src\main\AndroidManifest.xml:10:22-77
16    <uses-permission android:name="android.permission.REQUEST_INSTALL_PACKAGES" />
16-->src\main\AndroidManifest.xml:11:5-83
16-->src\main\AndroidManifest.xml:11:22-80
17    <uses-permission android:name="android.permission.WRITE_EXTERNAL_STORAGE" /> <!-- 访问网络，网络定位需要上网 -->
17-->src\main\AndroidManifest.xml:12:5-81
17-->src\main\AndroidManifest.xml:12:22-78
18    <uses-permission android:name="android.permission.INTERNET" />
18-->src\main\AndroidManifest.xml:13:5-67
18-->src\main\AndroidManifest.xml:13:22-64
19    <uses-permission android:name="android.permission.ACCESS_NETWORK_STATE" />
19-->src\main\AndroidManifest.xml:14:5-79
19-->src\main\AndroidManifest.xml:14:22-76
20
21    <uses-feature android:name="android.hardware.camera.autofocus" />
21-->[com.joker.HuanTanSheng:EasyPhotos:andX-2.5.3] AndroidManifest.xml:13:5-70
21-->[com.joker.HuanTanSheng:EasyPhotos:andX-2.5.3] AndroidManifest.xml:13:19-67
22
23    <uses-permission android:name="android.permission.RECORD_AUDIO" />
23-->[com.joker.HuanTanSheng:EasyPhotos:andX-2.5.3] AndroidManifest.xml:16:5-71
23-->[com.joker.HuanTanSheng:EasyPhotos:andX-2.5.3] AndroidManifest.xml:16:22-68
24    <uses-permission android:name="android.permission.FLASHLIGHT" />
24-->[com.joker.HuanTanSheng:EasyPhotos:andX-2.5.3] AndroidManifest.xml:19:5-69
24-->[com.joker.HuanTanSheng:EasyPhotos:andX-2.5.3] AndroidManifest.xml:19:22-66
25    <uses-permission android:name="android.permission.WRITE_SETTINGS" />
25-->[com.joker.HuanTanSheng:EasyPhotos:andX-2.5.3] AndroidManifest.xml:20:5-22:47
25-->[com.joker.HuanTanSheng:EasyPhotos:andX-2.5.3] AndroidManifest.xml:21:9-57
26    <uses-permission android:name="android.permission.MOUNT_UNMOUNT_FILESYSTEMS" />
26-->[com.joker.HuanTanSheng:EasyPhotos:andX-2.5.3] AndroidManifest.xml:23:5-25:47
26-->[com.joker.HuanTanSheng:EasyPhotos:andX-2.5.3] AndroidManifest.xml:24:9-68
27
28    <application
28-->src\main\AndroidManifest.xml:16:5-64:19
29        android:name="com.keegan.commondemo.CommonApp"
29-->src\main\AndroidManifest.xml:17:9-34
30        android:allowBackup="true"
30-->src\main\AndroidManifest.xml:18:9-35
31        android:appComponentFactory="androidx.core.app.CoreComponentFactory"
31-->[androidx.core:core:1.3.1] AndroidManifest.xml:24:18-86
32        android:debuggable="true"
33        android:icon="@mipmap/ic_launcher"
33-->src\main\AndroidManifest.xml:19:9-43
34        android:label="@string/app_name"
34-->src\main\AndroidManifest.xml:20:9-41
35        android:networkSecurityConfig="@xml/network_security_config"
35-->src\main\AndroidManifest.xml:21:9-69
36        android:roundIcon="@mipmap/ic_launcher_round"
36-->src\main\AndroidManifest.xml:22:9-54
37        android:supportsRtl="true"
37-->src\main\AndroidManifest.xml:23:9-35
38        android:testOnly="true"
39        android:theme="@style/AppTheme" >
39-->src\main\AndroidManifest.xml:24:9-40
40        <activity android:name="com.keegan.commondemo.ui.activity.LoginActivity" >
40-->src\main\AndroidManifest.xml:26:9-34:20
40-->src\main\AndroidManifest.xml:26:19-60
41            <intent-filter>
41-->src\main\AndroidManifest.xml:28:13-32:29
42                <action android:name="android.intent.action.MAIN" />
42-->src\main\AndroidManifest.xml:29:17-69
42-->src\main\AndroidManifest.xml:29:25-66
43
44                <category android:name="android.intent.category.LAUNCHER" />
44-->src\main\AndroidManifest.xml:31:17-77
44-->src\main\AndroidManifest.xml:31:27-74
45            </intent-filter>
46        </activity>
47        <activity android:name="com.keegan.commondemo.ui.activity.MainActivity" >
47-->src\main\AndroidManifest.xml:36:9-38:20
47-->src\main\AndroidManifest.xml:36:19-59
48        </activity>
49
50        <provider
51            android:name="androidx.core.content.FileProvider"
51-->src\main\AndroidManifest.xml:41:13-62
52            android:authorities="com.keegan.commondemo.fileprovider"
52-->src\main\AndroidManifest.xml:42:13-64
53            android:exported="false"
53-->src\main\AndroidManifest.xml:43:13-37
54            android:grantUriPermissions="true" >
54-->src\main\AndroidManifest.xml:44:13-47
55            <meta-data
55-->src\main\AndroidManifest.xml:45:13-47:54
56                android:name="android.support.FILE_PROVIDER_PATHS"
56-->src\main\AndroidManifest.xml:46:17-67
57                android:resource="@xml/file_paths" />
57-->src\main\AndroidManifest.xml:47:17-51
58        </provider>
59
60        <meta-data
60-->src\main\AndroidManifest.xml:50:9-52:35
61            android:name="design_width_in_dp"
61-->src\main\AndroidManifest.xml:51:13-46
62            android:value="375" /> <!-- 状态栏适配全面屏 -->
62-->src\main\AndroidManifest.xml:52:13-32
63        <meta-data
63-->src\main\AndroidManifest.xml:53:9-55:35
64            android:name="design_height_in_dp"
64-->src\main\AndroidManifest.xml:54:13-47
65            android:value="667" /> <!-- 沉浸式状态栏 -->
65-->src\main\AndroidManifest.xml:55:13-32
66        <!-- 适配华为（huawei）刘海屏 -->
67        <meta-data
67-->src\main\AndroidManifest.xml:57:9-59:36
68            android:name="android.notch_support"
68-->src\main\AndroidManifest.xml:58:13-49
69            android:value="true" /> <!-- 适配小米（xiaomi）刘海屏 -->
69-->src\main\AndroidManifest.xml:59:13-33
70        <meta-data
70-->src\main\AndroidManifest.xml:60:9-62:50
71            android:name="notch.config"
71-->src\main\AndroidManifest.xml:61:13-40
72            android:value="portrait|landscape" />
72-->src\main\AndroidManifest.xml:62:13-47
73
74        <provider
74-->[com.joker.HuanTanSheng:EasyPhotos:andX-2.5.3] AndroidManifest.xml:30:9-38:20
75            android:name="com.huantansheng.easyphotos.utils.provider.EasyPhotosFileProvider"
75-->[com.joker.HuanTanSheng:EasyPhotos:andX-2.5.3] AndroidManifest.xml:31:13-93
76            android:authorities="com.keegan.commondemo.provider"
76-->[com.joker.HuanTanSheng:EasyPhotos:andX-2.5.3] AndroidManifest.xml:32:13-60
77            android:exported="false"
77-->[com.joker.HuanTanSheng:EasyPhotos:andX-2.5.3] AndroidManifest.xml:33:13-37
78            android:grantUriPermissions="true" >
78-->[com.joker.HuanTanSheng:EasyPhotos:andX-2.5.3] AndroidManifest.xml:34:13-47
79            <meta-data
79-->src\main\AndroidManifest.xml:45:13-47:54
80                android:name="android.support.FILE_PROVIDER_PATHS"
80-->src\main\AndroidManifest.xml:46:17-67
81                android:resource="@xml/file_paths_public" />
81-->src\main\AndroidManifest.xml:47:17-51
82        </provider>
83
84        <activity
84-->[com.joker.HuanTanSheng:EasyPhotos:andX-2.5.3] AndroidManifest.xml:40:9-44:54
85            android:name="com.huantansheng.easyphotos.ui.EasyPhotosActivity"
85-->[com.joker.HuanTanSheng:EasyPhotos:andX-2.5.3] AndroidManifest.xml:41:13-77
86            android:configChanges="orientation|keyboardHidden|screenSize"
86-->[com.joker.HuanTanSheng:EasyPhotos:andX-2.5.3] AndroidManifest.xml:42:13-74
87            android:screenOrientation="portrait"
87-->[com.joker.HuanTanSheng:EasyPhotos:andX-2.5.3] AndroidManifest.xml:43:13-49
88            android:theme="@style/EasyPhotosTheme" />
88-->[com.joker.HuanTanSheng:EasyPhotos:andX-2.5.3] AndroidManifest.xml:44:13-51
89        <activity
89-->[com.joker.HuanTanSheng:EasyPhotos:andX-2.5.3] AndroidManifest.xml:45:9-49:64
90            android:name="com.huantansheng.easyphotos.ui.PreviewActivity"
90-->[com.joker.HuanTanSheng:EasyPhotos:andX-2.5.3] AndroidManifest.xml:46:13-74
91            android:configChanges="orientation|keyboardHidden|screenSize"
91-->[com.joker.HuanTanSheng:EasyPhotos:andX-2.5.3] AndroidManifest.xml:47:13-74
92            android:screenOrientation="portrait"
92-->[com.joker.HuanTanSheng:EasyPhotos:andX-2.5.3] AndroidManifest.xml:48:13-49
93            android:theme="@style/EasyPhotosFullscreenTheme" />
93-->[com.joker.HuanTanSheng:EasyPhotos:andX-2.5.3] AndroidManifest.xml:49:13-61
94        <activity
94-->[com.joker.HuanTanSheng:EasyPhotos:andX-2.5.3] AndroidManifest.xml:50:9-55:55
95            android:name="com.huantansheng.easyphotos.ui.PuzzleActivity"
95-->[com.joker.HuanTanSheng:EasyPhotos:andX-2.5.3] AndroidManifest.xml:51:13-73
96            android:configChanges="orientation|keyboardHidden|screenSize"
96-->[com.joker.HuanTanSheng:EasyPhotos:andX-2.5.3] AndroidManifest.xml:52:13-74
97            android:screenOrientation="portrait"
97-->[com.joker.HuanTanSheng:EasyPhotos:andX-2.5.3] AndroidManifest.xml:53:13-49
98            android:theme="@style/EasyPhotosTheme"
98-->[com.joker.HuanTanSheng:EasyPhotos:andX-2.5.3] AndroidManifest.xml:54:13-51
99            android:windowSoftInputMode="adjustPan" />
99-->[com.joker.HuanTanSheng:EasyPhotos:andX-2.5.3] AndroidManifest.xml:55:13-52
100        <activity
100-->[com.joker.HuanTanSheng:EasyPhotos:andX-2.5.3] AndroidManifest.xml:56:9-60:54
101            android:name="com.huantansheng.easyphotos.ui.PuzzleSelectorActivity"
101-->[com.joker.HuanTanSheng:EasyPhotos:andX-2.5.3] AndroidManifest.xml:57:13-81
102            android:configChanges="orientation|keyboardHidden|screenSize"
102-->[com.joker.HuanTanSheng:EasyPhotos:andX-2.5.3] AndroidManifest.xml:58:13-74
103            android:screenOrientation="portrait"
103-->[com.joker.HuanTanSheng:EasyPhotos:andX-2.5.3] AndroidManifest.xml:59:13-49
104            android:theme="@style/EasyPhotosTheme" />
104-->[com.joker.HuanTanSheng:EasyPhotos:andX-2.5.3] AndroidManifest.xml:60:13-51
105        <activity
105-->[com.joker.HuanTanSheng:EasyPhotos:andX-2.5.3] AndroidManifest.xml:61:9-76:20
106            android:name="com.huantansheng.easyphotos.ui.EasyCameraActivity"
106-->[com.joker.HuanTanSheng:EasyPhotos:andX-2.5.3] AndroidManifest.xml:62:13-77
107            android:configChanges="orientation|keyboardHidden|screenSize"
107-->[com.joker.HuanTanSheng:EasyPhotos:andX-2.5.3] AndroidManifest.xml:63:13-74
108            android:theme="@style/EasyPhotosTheme" >
108-->[com.joker.HuanTanSheng:EasyPhotos:andX-2.5.3] AndroidManifest.xml:64:13-51
109            <meta-data
109-->[com.joker.HuanTanSheng:EasyPhotos:andX-2.5.3] AndroidManifest.xml:65:13-67:39
110                android:name="android.max_aspect"
110-->[com.joker.HuanTanSheng:EasyPhotos:andX-2.5.3] AndroidManifest.xml:66:17-50
111                android:value="2.4" />
111-->[com.joker.HuanTanSheng:EasyPhotos:andX-2.5.3] AndroidManifest.xml:67:17-36
112            <!-- 适配华为（huawei）刘海屏 -->
113            <meta-data
113-->src\main\AndroidManifest.xml:57:9-59:36
114                android:name="android.notch_support"
114-->src\main\AndroidManifest.xml:58:13-49
115                android:value="true" />
115-->src\main\AndroidManifest.xml:59:13-33
116            <!-- 适配小米（xiaomi）刘海屏 -->
117            <meta-data
117-->src\main\AndroidManifest.xml:60:9-62:50
118                android:name="notch.config"
118-->src\main\AndroidManifest.xml:61:13-40
119                android:value="portrait|landscape" />
119-->src\main\AndroidManifest.xml:62:13-47
120        </activity>
121        <activity
121-->[com.joker.HuanTanSheng:EasyPhotos:andX-2.5.3] AndroidManifest.xml:77:9-80:72
122            android:name="com.yalantis.ucrop.UCropActivity"
122-->[com.joker.HuanTanSheng:EasyPhotos:andX-2.5.3] AndroidManifest.xml:78:13-60
123            android:screenOrientation="portrait"
123-->[com.joker.HuanTanSheng:EasyPhotos:andX-2.5.3] AndroidManifest.xml:79:13-49
124            android:theme="@style/Theme.AppCompat.Light.NoActionBar" />
124-->[com.joker.HuanTanSheng:EasyPhotos:andX-2.5.3] AndroidManifest.xml:80:13-69
125        <activity
125-->[cat.ereza:customactivityoncrash:2.2.0] AndroidManifest.xml:12:9-14:49
126            android:name="cat.ereza.customactivityoncrash.activity.DefaultErrorActivity"
126-->[cat.ereza:customactivityoncrash:2.2.0] AndroidManifest.xml:13:13-89
127            android:process=":error_activity" />
127-->[cat.ereza:customactivityoncrash:2.2.0] AndroidManifest.xml:14:13-46
128
129        <provider
129-->[cat.ereza:customactivityoncrash:2.2.0] AndroidManifest.xml:16:9-20:39
130            android:name="cat.ereza.customactivityoncrash.provider.CaocInitProvider"
130-->[cat.ereza:customactivityoncrash:2.2.0] AndroidManifest.xml:17:13-85
131            android:authorities="com.keegan.commondemo.customactivityoncrashinitprovider"
131-->[cat.ereza:customactivityoncrash:2.2.0] AndroidManifest.xml:18:13-85
132            android:exported="false"
132-->[cat.ereza:customactivityoncrash:2.2.0] AndroidManifest.xml:19:13-37
133            android:initOrder="101" />
133-->[cat.ereza:customactivityoncrash:2.2.0] AndroidManifest.xml:20:13-36
134        <provider
134-->[androidx.lifecycle:lifecycle-process:2.2.0] AndroidManifest.xml:25:9-29:43
135            android:name="androidx.lifecycle.ProcessLifecycleOwnerInitializer"
135-->[androidx.lifecycle:lifecycle-process:2.2.0] AndroidManifest.xml:26:13-79
136            android:authorities="com.keegan.commondemo.lifecycle-process"
136-->[androidx.lifecycle:lifecycle-process:2.2.0] AndroidManifest.xml:27:13-69
137            android:exported="false"
137-->[androidx.lifecycle:lifecycle-process:2.2.0] AndroidManifest.xml:28:13-37
138            android:multiprocess="true" />
138-->[androidx.lifecycle:lifecycle-process:2.2.0] AndroidManifest.xml:29:13-40
139        <provider
139-->[me.jessyan:autosize:1.2.1] AndroidManifest.xml:12:9-16:43
140            android:name="me.jessyan.autosize.InitProvider"
140-->[me.jessyan:autosize:1.2.1] AndroidManifest.xml:13:13-60
141            android:authorities="com.keegan.commondemo.autosize-init-provider"
141-->[me.jessyan:autosize:1.2.1] AndroidManifest.xml:14:13-74
142            android:exported="false"
142-->[me.jessyan:autosize:1.2.1] AndroidManifest.xml:15:13-37
143            android:multiprocess="true" />
143-->[me.jessyan:autosize:1.2.1] AndroidManifest.xml:16:13-40
144        <provider
144-->[com.github.razerdp:BasePopup:2.2.7] AndroidManifest.xml:12:9-16:43
145            android:name="razerdp.basepopup.BasePopupInitializer"
145-->[com.github.razerdp:BasePopup:2.2.7] AndroidManifest.xml:13:13-66
146            android:authorities="com.github.razerdp.com.keegan.commondemo.BasePopupInitializer"
146-->[com.github.razerdp:BasePopup:2.2.7] AndroidManifest.xml:14:13-91
147            android:exported="false"
147-->[com.github.razerdp:BasePopup:2.2.7] AndroidManifest.xml:15:13-37
148            android:multiprocess="true" />
148-->[com.github.razerdp:BasePopup:2.2.7] AndroidManifest.xml:16:13-40
149    </application>
150
151</manifest>